# JRE version: OpenJDK Runtime Environment (8.0_242-b01) (build 1.8.0_242-release-1644-b01)
# Java VM: OpenJDK 64-Bit Server VM (25.242-b01 mixed mode windows-amd64 compressed oops)
Heap:
 PSYoungGen      total 273920K, used 247106K [0x00000000d5580000, 0x00000000e9900000, 0x0000000100000000)
  eden space 238080K, 98% used [0x00000000d5580000,0x00000000e3b38a68,0x00000000e3e00000)
  from space 35840K, 33% used [0x00000000e3e00000,0x00000000e4998010,0x00000000e6100000)
  to   space 22016K, 0% used [0x00000000e6100000,0x00000000e6100000,0x00000000e7680000)
 ParOldGen       total 168448K, used 95418K [0x0000000080000000, 0x000000008a480000, 0x00000000d5580000)
  object space 168448K, 56% used [0x0000000080000000,0x0000000085d2e828,0x000000008a480000)
 Metaspace       used 76598K, capacity 80826K, committed 80920K, reserved 1118208K
  class space    used 10439K, capacity 11230K, committed 11312K, reserved 1048576K
GC Heap History (10 events):
Event: 23.021 GC heap before
{Heap before GC invocations=20 (full 3):
 PSYoungGen      total 260096K, used 260086K [0x00000000d5580000, 0x00000000e9900000, 0x0000000100000000)
  eden space 238080K, 100% used [0x00000000d5580000,0x00000000e3e00000,0x00000000e3e00000)
  from space 22016K, 99% used [0x00000000e6100000,0x00000000e767d818,0x00000000e7680000)
  to   space 35840K, 0% used [0x00000000e3e00000,0x00000000e3e00000,0x00000000e6100000)
 ParOldGen       total 168448K, used 73461K [0x0000000080000000, 0x000000008a480000, 0x00000000d5580000)
  object space 168448K, 43% used [0x0000000080000000,0x00000000847bd778,0x000000008a480000)
 Metaspace       used 76053K, capacity 80150K, committed 80280K, reserved 1118208K
  class space    used 10370K, capacity 11172K, committed 11184K, reserved 1048576K
Event: 23.095 GC heap after
Heap after GC invocations=20 (full 3):
 PSYoungGen      total 273920K, used 16612K [0x00000000d5580000, 0x00000000e9900000, 0x0000000100000000)
  eden space 238080K, 0% used [0x00000000d5580000,0x00000000d5580000,0x00000000e3e00000)
  from space 35840K, 46% used [0x00000000e3e00000,0x00000000e4e39170,0x00000000e6100000)
  to   space 22016K, 0% used [0x00000000e6100000,0x00000000e6100000,0x00000000e7680000)
 ParOldGen       total 168448K, used 82145K [0x0000000080000000, 0x000000008a480000, 0x00000000d5580000)
  object space 168448K, 48% used [0x0000000080000000,0x00000000850384b0,0x000000008a480000)
 Metaspace       used 76053K, capacity 80150K, committed 80280K, reserved 1118208K
  class space    used 10370K, capacity 11172K, committed 11184K, reserved 1048576K
}
Event: 24.000 GC heap before
{Heap before GC invocations=21 (full 3):
 PSYoungGen      total 273920K, used 254692K [0x00000000d5580000, 0x00000000e9900000, 0x0000000100000000)
  eden space 238080K, 100% used [0x00000000d5580000,0x00000000e3e00000,0x00000000e3e00000)
  from space 35840K, 46% used [0x00000000e3e00000,0x00000000e4e39170,0x00000000e6100000)
  to   space 22016K, 0% used [0x00000000e6100000,0x00000000e6100000,0x00000000e7680000)
 ParOldGen       total 168448K, used 82145K [0x0000000080000000, 0x000000008a480000, 0x00000000d5580000)
  object space 168448K, 48% used [0x0000000080000000,0x00000000850384b0,0x000000008a480000)
 Metaspace       used 76093K, capacity 80290K, committed 80536K, reserved 1118208K
  class space    used 10370K, capacity 11172K, committed 11184K, reserved 1048576K
Event: 24.050 GC heap after
Heap after GC invocations=21 (full 3):
 PSYoungGen      total 260096K, used 18231K [0x00000000d5580000, 0x00000000e9900000, 0x0000000100000000)
  eden space 238080K, 0% used [0x00000000d5580000,0x00000000d5580000,0x00000000e3e00000)
  from space 22016K, 82% used [0x00000000e6100000,0x00000000e72cdc90,0x00000000e7680000)
  to   space 35840K, 0% used [0x00000000e3e00000,0x00000000e3e00000,0x00000000e6100000)
 ParOldGen       total 168448K, used 82585K [0x0000000080000000, 0x000000008a480000, 0x00000000d5580000)
  object space 168448K, 49% used [0x0000000080000000,0x00000000850a6640,0x000000008a480000)
 Metaspace       used 76093K, capacity 80290K, committed 80536K, reserved 1118208K
  class space    used 10370K, capacity 11172K, committed 11184K, reserved 1048576K
}
Event: 24.884 GC heap before
{Heap before GC invocations=22 (full 3):
 PSYoungGen      total 260096K, used 256311K [0x00000000d5580000, 0x00000000e9900000, 0x0000000100000000)
  eden space 238080K, 100% used [0x00000000d5580000,0x00000000e3e00000,0x00000000e3e00000)
  from space 22016K, 82% used [0x00000000e6100000,0x00000000e72cdc90,0x00000000e7680000)
  to   space 35840K, 0% used [0x00000000e3e00000,0x00000000e3e00000,0x00000000e6100000)
 ParOldGen       total 168448K, used 82585K [0x0000000080000000, 0x000000008a480000, 0x00000000d5580000)
  object space 168448K, 49% used [0x0000000080000000,0x00000000850a6640,0x000000008a480000)
 Metaspace       used 76132K, capacity 80296K, committed 80536K, reserved 1118208K
  class space    used 10371K, capacity 11173K, committed 11184K, reserved 1048576K
Event: 24.918 GC heap after
Heap after GC invocations=22 (full 3):
 PSYoungGen      total 273920K, used 13824K [0x00000000d5580000, 0x00000000e9900000, 0x0000000100000000)
  eden space 238080K, 0% used [0x00000000d5580000,0x00000000d5580000,0x00000000e3e00000)
  from space 35840K, 38% used [0x00000000e3e00000,0x00000000e4b80020,0x00000000e6100000)
  to   space 22016K, 0% used [0x00000000e6100000,0x00000000e6100000,0x00000000e7680000)
 ParOldGen       total 168448K, used 89557K [0x0000000080000000, 0x000000008a480000, 0x00000000d5580000)
  object space 168448K, 53% used [0x0000000080000000,0x00000000857757c0,0x000000008a480000)
 Metaspace       used 76132K, capacity 80296K, committed 80536K, reserved 1118208K
  class space    used 10371K, capacity 11173K, committed 11184K, reserved 1048576K
}
Event: 25.730 GC heap before
{Heap before GC invocations=23 (full 3):
 PSYoungGen      total 273920K, used 251904K [0x00000000d5580000, 0x00000000e9900000, 0x0000000100000000)
  eden space 238080K, 100% used [0x00000000d5580000,0x00000000e3e00000,0x00000000e3e00000)
  from space 35840K, 38% used [0x00000000e3e00000,0x00000000e4b80020,0x00000000e6100000)
  to   space 22016K, 0% used [0x00000000e6100000,0x00000000e6100000,0x00000000e7680000)
 ParOldGen       total 168448K, used 89557K [0x0000000080000000, 0x000000008a480000, 0x00000000d5580000)
  object space 168448K, 53% used [0x0000000080000000,0x00000000857757c0,0x000000008a480000)
 Metaspace       used 76141K, capacity 80360K, committed 80536K, reserved 1118208K
  class space    used 10371K, capacity 11173K, committed 11184K, reserved 1048576K
Event: 25.773 GC heap after
Heap after GC invocations=23 (full 3):
 PSYoungGen      total 260096K, used 11552K [0x00000000d5580000, 0x00000000e9900000, 0x0000000100000000)
  eden space 238080K, 0% used [0x00000000d5580000,0x00000000d5580000,0x00000000e3e00000)
  from space 22016K, 52% used [0x00000000e6100000,0x00000000e6c48010,0x00000000e7680000)
  to   space 35840K, 0% used [0x00000000e3e00000,0x00000000e3e00000,0x00000000e6100000)
 ParOldGen       total 168448K, used 93917K [0x0000000080000000, 0x000000008a480000, 0x00000000d5580000)
  object space 168448K, 55% used [0x0000000080000000,0x0000000085bb77d0,0x000000008a480000)
 Metaspace       used 76141K, capacity 80360K, committed 80536K, reserved 1118208K
  class space    used 10371K, capacity 11173K, committed 11184K, reserved 1048576K
}
Event: 26.539 GC heap before
{Heap before GC invocations=24 (full 3):
 PSYoungGen      total 260096K, used 249632K [0x00000000d5580000, 0x00000000e9900000, 0x0000000100000000)
  eden space 238080K, 100% used [0x00000000d5580000,0x00000000e3e00000,0x00000000e3e00000)
  from space 22016K, 52% used [0x00000000e6100000,0x00000000e6c48010,0x00000000e7680000)
  to   space 35840K, 0% used [0x00000000e3e00000,0x00000000e3e00000,0x00000000e6100000)
 ParOldGen       total 168448K, used 93917K [0x0000000080000000, 0x000000008a480000, 0x00000000d5580000)
  object space 168448K, 55% used [0x0000000080000000,0x0000000085bb77d0,0x000000008a480000)
 Metaspace       used 76161K, capacity 80364K, committed 80536K, reserved 1118208K
  class space    used 10373K, capacity 11173K, committed 11184K, reserved 1048576K
Event: 26.561 GC heap after
Heap after GC invocations=24 (full 3):
 PSYoungGen      total 273920K, used 11872K [0x00000000d5580000, 0x00000000e9900000, 0x0000000100000000)
  eden space 238080K, 0% used [0x00000000d5580000,0x00000000d5580000,0x00000000e3e00000)
  from space 35840K, 33% used [0x00000000e3e00000,0x00000000e4998010,0x00000000e6100000)
  to   space 22016K, 0% used [0x00000000e6100000,0x00000000e6100000,0x00000000e7680000)
 ParOldGen       total 168448K, used 95418K [0x0000000080000000, 0x000000008a480000, 0x00000000d5580000)
  object space 168448K, 56% used [0x0000000080000000,0x0000000085d2e828,0x000000008a480000)
 Metaspace       used 76161K, capacity 80364K, committed 80536K, reserved 1118208K
  class space    used 10373K, capacity 11173K, committed 11184K, reserved 1048576K
}

