# JRE version: OpenJDK Runtime Environment (8.0_242-b01) (build 1.8.0_242-release-1644-b01)
# Java VM: OpenJDK 64-Bit Server VM (25.242-b01 mixed mode windows-amd64 compressed oops)
Heap:
 PSYoungGen      total 333824K, used 167401K [0x00000000d5580000, 0x00000000ed780000, 0x0000000100000000)
  eden space 309760K, 46% used [0x00000000d5580000,0x00000000de17b878,0x00000000e8400000)
  from space 24064K, 99% used [0x00000000ea680000,0x00000000ebdfeca8,0x00000000ebe00000)
  to   space 35328K, 0% used [0x00000000e8400000,0x00000000e8400000,0x00000000ea680000)
 ParOldGen       total 147456K, used 64269K [0x0000000080000000, 0x0000000089000000, 0x00000000d5580000)
  object space 147456K, 43% used [0x0000000080000000,0x0000000083ec3640,0x0000000089000000)
 Metaspace       used 86774K, capacity 90998K, committed 91352K, reserved 1128448K
  class space    used 11566K, capacity 12444K, committed 12544K, reserved 1048576K
GC Heap History (10 events):
Event: 16.065 GC heap before
{Heap before GC invocations=13 (full 2):
 PSYoungGen      total 208896K, used 32861K [0x00000000d5580000, 0x00000000e3d80000, 0x0000000100000000)
  eden space 194048K, 9% used [0x00000000d5580000,0x00000000d67182b0,0x00000000e1300000)
  from space 14848K, 99% used [0x00000000e2780000,0x00000000e35ff320,0x00000000e3600000)
  to   space 20992K, 0% used [0x00000000e1300000,0x00000000e1300000,0x00000000e2780000)
 ParOldGen       total 101888K, used 26830K [0x0000000080000000, 0x0000000086380000, 0x00000000d5580000)
  object space 101888K, 26% used [0x0000000080000000,0x0000000081a33b70,0x0000000086380000)
 Metaspace       used 56467K, capacity 58958K, committed 59096K, reserved 1099776K
  class space    used 7674K, capacity 8162K, committed 8192K, reserved 1048576K
Event: 16.120 GC heap after
Heap after GC invocations=13 (full 2):
 PSYoungGen      total 215040K, used 10007K [0x00000000d5580000, 0x00000000e8100000, 0x0000000100000000)
  eden space 194048K, 0% used [0x00000000d5580000,0x00000000d5580000,0x00000000e1300000)
  from space 20992K, 47% used [0x00000000e1300000,0x00000000e1cc5c00,0x00000000e2780000)
  to   space 19968K, 0% used [0x00000000e6d80000,0x00000000e6d80000,0x00000000e8100000)
 ParOldGen       total 101888K, used 33264K [0x0000000080000000, 0x0000000086380000, 0x00000000d5580000)
  object space 101888K, 32% used [0x0000000080000000,0x000000008207c2d0,0x0000000086380000)
 Metaspace       used 56467K, capacity 58958K, committed 59096K, reserved 1099776K
  class space    used 7674K, capacity 8162K, committed 8192K, reserved 1048576K
}
Event: 16.120 GC heap before
{Heap before GC invocations=14 (full 3):
 PSYoungGen      total 215040K, used 10007K [0x00000000d5580000, 0x00000000e8100000, 0x0000000100000000)
  eden space 194048K, 0% used [0x00000000d5580000,0x00000000d5580000,0x00000000e1300000)
  from space 20992K, 47% used [0x00000000e1300000,0x00000000e1cc5c00,0x00000000e2780000)
  to   space 19968K, 0% used [0x00000000e6d80000,0x00000000e6d80000,0x00000000e8100000)
 ParOldGen       total 101888K, used 33264K [0x0000000080000000, 0x0000000086380000, 0x00000000d5580000)
  object space 101888K, 32% used [0x0000000080000000,0x000000008207c2d0,0x0000000086380000)
 Metaspace       used 56467K, capacity 58958K, committed 59096K, reserved 1099776K
  class space    used 7674K, capacity 8162K, committed 8192K, reserved 1048576K
Event: 16.526 GC heap after
Heap after GC invocations=14 (full 3):
 PSYoungGen      total 215040K, used 0K [0x00000000d5580000, 0x00000000e8100000, 0x0000000100000000)
  eden space 194048K, 0% used [0x00000000d5580000,0x00000000d5580000,0x00000000e1300000)
  from space 20992K, 0% used [0x00000000e1300000,0x00000000e1300000,0x00000000e2780000)
  to   space 19968K, 0% used [0x00000000e6d80000,0x00000000e6d80000,0x00000000e8100000)
 ParOldGen       total 147456K, used 32562K [0x0000000080000000, 0x0000000089000000, 0x00000000d5580000)
  object space 147456K, 22% used [0x0000000080000000,0x0000000081fcc9a0,0x0000000089000000)
 Metaspace       used 56462K, capacity 58940K, committed 59096K, reserved 1099776K
  class space    used 7672K, capacity 8159K, committed 8192K, reserved 1048576K
}
Event: 20.789 GC heap before
{Heap before GC invocations=15 (full 3):
 PSYoungGen      total 215040K, used 194048K [0x00000000d5580000, 0x00000000e8100000, 0x0000000100000000)
  eden space 194048K, 100% used [0x00000000d5580000,0x00000000e1300000,0x00000000e1300000)
  from space 20992K, 0% used [0x00000000e1300000,0x00000000e1300000,0x00000000e2780000)
  to   space 19968K, 0% used [0x00000000e6d80000,0x00000000e6d80000,0x00000000e8100000)
 ParOldGen       total 147456K, used 32562K [0x0000000080000000, 0x0000000089000000, 0x00000000d5580000)
  object space 147456K, 22% used [0x0000000080000000,0x0000000081fcc9a0,0x0000000089000000)
 Metaspace       used 67430K, capacity 70372K, committed 70616K, reserved 1110016K
  class space    used 9352K, capacity 9948K, committed 9984K, reserved 1048576K
Event: 20.832 GC heap after
Heap after GC invocations=15 (full 3):
 PSYoungGen      total 270848K, used 16696K [0x00000000d5580000, 0x00000000e7e00000, 0x0000000100000000)
  eden space 253952K, 0% used [0x00000000d5580000,0x00000000d5580000,0x00000000e4d80000)
  from space 16896K, 98% used [0x00000000e6d80000,0x00000000e7dce200,0x00000000e7e00000)
  to   space 21504K, 0% used [0x00000000e5400000,0x00000000e5400000,0x00000000e6900000)
 ParOldGen       total 147456K, used 32562K [0x0000000080000000, 0x0000000089000000, 0x00000000d5580000)
  object space 147456K, 22% used [0x0000000080000000,0x0000000081fcc9a0,0x0000000089000000)
 Metaspace       used 67430K, capacity 70372K, committed 70616K, reserved 1110016K
  class space    used 9352K, capacity 9948K, committed 9984K, reserved 1048576K
}
Event: 451.401 GC heap before
{Heap before GC invocations=16 (full 3):
 PSYoungGen      total 270848K, used 270648K [0x00000000d5580000, 0x00000000e7e00000, 0x0000000100000000)
  eden space 253952K, 100% used [0x00000000d5580000,0x00000000e4d80000,0x00000000e4d80000)
  from space 16896K, 98% used [0x00000000e6d80000,0x00000000e7dce200,0x00000000e7e00000)
  to   space 21504K, 0% used [0x00000000e5400000,0x00000000e5400000,0x00000000e6900000)
 ParOldGen       total 147456K, used 32562K [0x0000000080000000, 0x0000000089000000, 0x00000000d5580000)
  object space 147456K, 22% used [0x0000000080000000,0x0000000081fcc9a0,0x0000000089000000)
 Metaspace       used 79746K, capacity 83600K, committed 83800K, reserved 1122304K
  class space    used 10737K, capacity 11583K, committed 11648K, reserved 1048576K
Event: 451.439 GC heap after
Heap after GC invocations=16 (full 3):
 PSYoungGen      total 282112K, used 19910K [0x00000000d5580000, 0x00000000ebe00000, 0x0000000100000000)
  eden space 260608K, 0% used [0x00000000d5580000,0x00000000d5580000,0x00000000e5400000)
  from space 21504K, 92% used [0x00000000e5400000,0x00000000e67719e8,0x00000000e6900000)
  to   space 24064K, 0% used [0x00000000ea680000,0x00000000ea680000,0x00000000ebe00000)
 ParOldGen       total 147456K, used 42104K [0x0000000080000000, 0x0000000089000000, 0x00000000d5580000)
  object space 147456K, 28% used [0x0000000080000000,0x000000008291e178,0x0000000089000000)
 Metaspace       used 79746K, capacity 83600K, committed 83800K, reserved 1122304K
  class space    used 10737K, capacity 11583K, committed 11648K, reserved 1048576K
}
Event: 456.847 GC heap before
{Heap before GC invocations=17 (full 3):
 PSYoungGen      total 282112K, used 280518K [0x00000000d5580000, 0x00000000ebe00000, 0x0000000100000000)
  eden space 260608K, 100% used [0x00000000d5580000,0x00000000e5400000,0x00000000e5400000)
  from space 21504K, 92% used [0x00000000e5400000,0x00000000e67719e8,0x00000000e6900000)
  to   space 24064K, 0% used [0x00000000ea680000,0x00000000ea680000,0x00000000ebe00000)
 ParOldGen       total 147456K, used 42104K [0x0000000080000000, 0x0000000089000000, 0x00000000d5580000)
  object space 147456K, 28% used [0x0000000080000000,0x000000008291e178,0x0000000089000000)
 Metaspace       used 82853K, capacity 86978K, committed 87256K, reserved 1124352K
  class space    used 11092K, capacity 11964K, committed 12032K, reserved 1048576K
Event: 456.916 GC heap after
Heap after GC invocations=17 (full 3):
 PSYoungGen      total 333824K, used 24059K [0x00000000d5580000, 0x00000000ed780000, 0x0000000100000000)
  eden space 309760K, 0% used [0x00000000d5580000,0x00000000d5580000,0x00000000e8400000)
  from space 24064K, 99% used [0x00000000ea680000,0x00000000ebdfeca8,0x00000000ebe00000)
  to   space 35328K, 0% used [0x00000000e8400000,0x00000000e8400000,0x00000000ea680000)
 ParOldGen       total 147456K, used 64269K [0x0000000080000000, 0x0000000089000000, 0x00000000d5580000)
  object space 147456K, 43% used [0x0000000080000000,0x0000000083ec3640,0x0000000089000000)
 Metaspace       used 82853K, capacity 86978K, committed 87256K, reserved 1124352K
  class space    used 11092K, capacity 11964K, committed 12032K, reserved 1048576K
}

