# JRE version: OpenJDK Runtime Environment (8.0_242-b01) (build 1.8.0_242-release-1644-b01)
# Java VM: OpenJDK 64-Bit Server VM (25.242-b01 mixed mode windows-amd64 compressed oops)
Heap:
 PSYoungGen      total 244736K, used 198538K [0x00000000d5580000, 0x00000000e6300000, 0x0000000100000000)
  eden space 227840K, 79% used [0x00000000d5580000,0x00000000e0743460,0x00000000e3400000)
  from space 16896K, 97% used [0x00000000e5280000,0x00000000e629f758,0x00000000e6300000)
  to   space 22016K, 0% used [0x00000000e3800000,0x00000000e3800000,0x00000000e4d80000)
 ParOldGen       total 160768K, used 34375K [0x0000000080000000, 0x0000000089d00000, 0x00000000d5580000)
  object space 160768K, 21% used [0x0000000080000000,0x0000000082191e08,0x0000000089d00000)
 Metaspace       used 65244K, capacity 68310K, committed 68440K, reserved 1107968K
  class space    used 8924K, capacity 9494K, committed 9600K, reserved 1048576K
GC Heap History (10 events):
Event: 8.090 GC heap before
{Heap before GC invocations=11 (full 2):
 PSYoungGen      total 161792K, used 148992K [0x00000000d5580000, 0x00000000e0e80000, 0x0000000100000000)
  eden space 148992K, 100% used [0x00000000d5580000,0x00000000de700000,0x00000000de700000)
  from space 12800K, 0% used [0x00000000df300000,0x00000000df300000,0x00000000dff80000)
  to   space 12288K, 0% used [0x00000000de700000,0x00000000de700000,0x00000000df300000)
 ParOldGen       total 105984K, used 14162K [0x0000000080000000, 0x0000000086780000, 0x00000000d5580000)
  object space 105984K, 13% used [0x0000000080000000,0x0000000080dd49f8,0x0000000086780000)
 Metaspace       used 39866K, capacity 41570K, committed 41688K, reserved 1085440K
  class space    used 5490K, capacity 5847K, committed 5888K, reserved 1048576K
Event: 8.106 GC heap after
Heap after GC invocations=11 (full 2):
 PSYoungGen      total 161280K, used 11445K [0x00000000d5580000, 0x00000000e2b00000, 0x0000000100000000)
  eden space 148992K, 0% used [0x00000000d5580000,0x00000000d5580000,0x00000000de700000)
  from space 12288K, 93% used [0x00000000de700000,0x00000000df22d570,0x00000000df300000)
  to   space 13312K, 0% used [0x00000000e1e00000,0x00000000e1e00000,0x00000000e2b00000)
 ParOldGen       total 105984K, used 14170K [0x0000000080000000, 0x0000000086780000, 0x00000000d5580000)
  object space 105984K, 13% used [0x0000000080000000,0x0000000080dd69f8,0x0000000086780000)
 Metaspace       used 39866K, capacity 41570K, committed 41688K, reserved 1085440K
  class space    used 5490K, capacity 5847K, committed 5888K, reserved 1048576K
}
Event: 10.904 GC heap before
{Heap before GC invocations=12 (full 2):
 PSYoungGen      total 161280K, used 160437K [0x00000000d5580000, 0x00000000e2b00000, 0x0000000100000000)
  eden space 148992K, 100% used [0x00000000d5580000,0x00000000de700000,0x00000000de700000)
  from space 12288K, 93% used [0x00000000de700000,0x00000000df22d570,0x00000000df300000)
  to   space 13312K, 0% used [0x00000000e1e00000,0x00000000e1e00000,0x00000000e2b00000)
 ParOldGen       total 105984K, used 14170K [0x0000000080000000, 0x0000000086780000, 0x00000000d5580000)
  object space 105984K, 13% used [0x0000000080000000,0x0000000080dd69f8,0x0000000086780000)
 Metaspace       used 54251K, capacity 56398K, committed 56664K, reserved 1097728K
  class space    used 7358K, capacity 7785K, committed 7808K, reserved 1048576K
Event: 10.943 GC heap after
Heap after GC invocations=12 (full 2):
 PSYoungGen      total 199168K, used 13308K [0x00000000d5580000, 0x00000000e3380000, 0x0000000100000000)
  eden space 185856K, 0% used [0x00000000d5580000,0x00000000d5580000,0x00000000e0b00000)
  from space 13312K, 99% used [0x00000000e1e00000,0x00000000e2aff320,0x00000000e2b00000)
  to   space 19456K, 0% used [0x00000000e0b00000,0x00000000e0b00000,0x00000000e1e00000)
 ParOldGen       total 105984K, used 26951K [0x0000000080000000, 0x0000000086780000, 0x00000000d5580000)
  object space 105984K, 25% used [0x0000000080000000,0x0000000081a51ef0,0x0000000086780000)
 Metaspace       used 54251K, capacity 56398K, committed 56664K, reserved 1097728K
  class space    used 7358K, capacity 7785K, committed 7808K, reserved 1048576K
}
Event: 11.662 GC heap before
{Heap before GC invocations=13 (full 2):
 PSYoungGen      total 199168K, used 45019K [0x00000000d5580000, 0x00000000e3380000, 0x0000000100000000)
  eden space 185856K, 17% used [0x00000000d5580000,0x00000000d7477cb8,0x00000000e0b00000)
  from space 13312K, 99% used [0x00000000e1e00000,0x00000000e2aff320,0x00000000e2b00000)
  to   space 19456K, 0% used [0x00000000e0b00000,0x00000000e0b00000,0x00000000e1e00000)
 ParOldGen       total 105984K, used 26951K [0x0000000080000000, 0x0000000086780000, 0x00000000d5580000)
  object space 105984K, 25% used [0x0000000080000000,0x0000000081a51ef0,0x0000000086780000)
 Metaspace       used 56497K, capacity 58846K, committed 58968K, reserved 1099776K
  class space    used 7719K, capacity 8204K, committed 8320K, reserved 1048576K
Event: 11.696 GC heap after
Heap after GC invocations=13 (full 2):
 PSYoungGen      total 205312K, used 16288K [0x00000000d5580000, 0x00000000e6700000, 0x0000000100000000)
  eden space 185856K, 0% used [0x00000000d5580000,0x00000000d5580000,0x00000000e0b00000)
  from space 19456K, 83% used [0x00000000e0b00000,0x00000000e1ae8180,0x00000000e1e00000)
  to   space 20992K, 0% used [0x00000000e5280000,0x00000000e5280000,0x00000000e6700000)
 ParOldGen       total 105984K, used 26951K [0x0000000080000000, 0x0000000086780000, 0x00000000d5580000)
  object space 105984K, 25% used [0x0000000080000000,0x0000000081a51ef0,0x0000000086780000)
 Metaspace       used 56497K, capacity 58846K, committed 58968K, reserved 1099776K
  class space    used 7719K, capacity 8204K, committed 8320K, reserved 1048576K
}
Event: 11.696 GC heap before
{Heap before GC invocations=14 (full 3):
 PSYoungGen      total 205312K, used 16288K [0x00000000d5580000, 0x00000000e6700000, 0x0000000100000000)
  eden space 185856K, 0% used [0x00000000d5580000,0x00000000d5580000,0x00000000e0b00000)
  from space 19456K, 83% used [0x00000000e0b00000,0x00000000e1ae8180,0x00000000e1e00000)
  to   space 20992K, 0% used [0x00000000e5280000,0x00000000e5280000,0x00000000e6700000)
 ParOldGen       total 105984K, used 26951K [0x0000000080000000, 0x0000000086780000, 0x00000000d5580000)
  object space 105984K, 25% used [0x0000000080000000,0x0000000081a51ef0,0x0000000086780000)
 Metaspace       used 56497K, capacity 58846K, committed 58968K, reserved 1099776K
  class space    used 7719K, capacity 8204K, committed 8320K, reserved 1048576K
Event: 12.008 GC heap after
Heap after GC invocations=14 (full 3):
 PSYoungGen      total 205312K, used 0K [0x00000000d5580000, 0x00000000e6700000, 0x0000000100000000)
  eden space 185856K, 0% used [0x00000000d5580000,0x00000000d5580000,0x00000000e0b00000)
  from space 19456K, 0% used [0x00000000e0b00000,0x00000000e0b00000,0x00000000e1e00000)
  to   space 20992K, 0% used [0x00000000e5280000,0x00000000e5280000,0x00000000e6700000)
 ParOldGen       total 160768K, used 34367K [0x0000000080000000, 0x0000000089d00000, 0x00000000d5580000)
  object space 160768K, 21% used [0x0000000080000000,0x000000008218fe08,0x0000000089d00000)
 Metaspace       used 56476K, capacity 58774K, committed 58968K, reserved 1099776K
  class space    used 7713K, capacity 8192K, committed 8320K, reserved 1048576K
}
Event: 16.853 GC heap before
{Heap before GC invocations=15 (full 3):
 PSYoungGen      total 205312K, used 185856K [0x00000000d5580000, 0x00000000e6700000, 0x0000000100000000)
  eden space 185856K, 100% used [0x00000000d5580000,0x00000000e0b00000,0x00000000e0b00000)
  from space 19456K, 0% used [0x00000000e0b00000,0x00000000e0b00000,0x00000000e1e00000)
  to   space 20992K, 0% used [0x00000000e5280000,0x00000000e5280000,0x00000000e6700000)
 ParOldGen       total 160768K, used 34367K [0x0000000080000000, 0x0000000089d00000, 0x00000000d5580000)
  object space 160768K, 21% used [0x0000000080000000,0x000000008218fe08,0x0000000089d00000)
 Metaspace       used 64314K, capacity 67314K, committed 67544K, reserved 1107968K
  class space    used 8851K, capacity 9424K, committed 9472K, reserved 1048576K
Event: 16.881 GC heap after
Heap after GC invocations=15 (full 3):
 PSYoungGen      total 244736K, used 16509K [0x00000000d5580000, 0x00000000e6300000, 0x0000000100000000)
  eden space 227840K, 0% used [0x00000000d5580000,0x00000000d5580000,0x00000000e3400000)
  from space 16896K, 97% used [0x00000000e5280000,0x00000000e629f758,0x00000000e6300000)
  to   space 22016K, 0% used [0x00000000e3800000,0x00000000e3800000,0x00000000e4d80000)
 ParOldGen       total 160768K, used 34375K [0x0000000080000000, 0x0000000089d00000, 0x00000000d5580000)
  object space 160768K, 21% used [0x0000000080000000,0x0000000082191e08,0x0000000089d00000)
 Metaspace       used 64314K, capacity 67314K, committed 67544K, reserved 1107968K
  class space    used 8851K, capacity 9424K, committed 9472K, reserved 1048576K
}

