# JRE version: OpenJDK Runtime Environment (8.0_242-b01) (build 1.8.0_242-release-1644-b01)
# Java VM: OpenJDK 64-Bit Server VM (25.242-b01 mixed mode windows-amd64 compressed oops)
Heap:
 PSYoungGen      total 251392K, used 35237K [0x00000000d5580000, 0x00000000e8680000, 0x0000000100000000)
  eden space 229376K, 5% used [0x00000000d5580000,0x00000000d626d730,0x00000000e3580000)
  from space 22016K, 99% used [0x00000000e7100000,0x00000000e867bd80,0x00000000e8680000)
  to   space 22016K, 0% used [0x00000000e3580000,0x00000000e3580000,0x00000000e4b00000)
 ParOldGen       total 161280K, used 53274K [0x0000000080000000, 0x0000000089d80000, 0x00000000d5580000)
  object space 161280K, 33% used [0x0000000080000000,0x00000000834068e0,0x0000000089d80000)
 Metaspace       used 77590K, capacity 81792K, committed 81880K, reserved 1120256K
  class space    used 10733K, capacity 11513K, committed 11520K, reserved 1048576K
GC Heap History (10 events):
Event: 10.658 GC heap before
{Heap before GC invocations=13 (full 2):
 PSYoungGen      total 194048K, used 50259K [0x00000000d5580000, 0x00000000e3100000, 0x0000000100000000)
  eden space 180736K, 20% used [0x00000000d5580000,0x00000000d7999ca0,0x00000000e0600000)
  from space 13312K, 99% used [0x00000000e1900000,0x00000000e25fb300,0x00000000e2600000)
  to   space 19456K, 0% used [0x00000000e0600000,0x00000000e0600000,0x00000000e1900000)
 ParOldGen       total 108544K, used 26549K [0x0000000080000000, 0x0000000086a00000, 0x00000000d5580000)
  object space 108544K, 24% used [0x0000000080000000,0x00000000819ed410,0x0000000086a00000)
 Metaspace       used 56526K, capacity 58844K, committed 58968K, reserved 1099776K
  class space    used 7725K, capacity 8203K, committed 8320K, reserved 1048576K
Event: 10.703 GC heap after
Heap after GC invocations=13 (full 2):
 PSYoungGen      total 200192K, used 16813K [0x00000000d5580000, 0x00000000e6500000, 0x0000000100000000)
  eden space 180736K, 0% used [0x00000000d5580000,0x00000000d5580000,0x00000000e0600000)
  from space 19456K, 86% used [0x00000000e0600000,0x00000000e166b4e0,0x00000000e1900000)
  to   space 20992K, 0% used [0x00000000e5080000,0x00000000e5080000,0x00000000e6500000)
 ParOldGen       total 108544K, used 26549K [0x0000000080000000, 0x0000000086a00000, 0x00000000d5580000)
  object space 108544K, 24% used [0x0000000080000000,0x00000000819ed410,0x0000000086a00000)
 Metaspace       used 56526K, capacity 58844K, committed 58968K, reserved 1099776K
  class space    used 7725K, capacity 8203K, committed 8320K, reserved 1048576K
}
Event: 10.703 GC heap before
{Heap before GC invocations=14 (full 3):
 PSYoungGen      total 200192K, used 16813K [0x00000000d5580000, 0x00000000e6500000, 0x0000000100000000)
  eden space 180736K, 0% used [0x00000000d5580000,0x00000000d5580000,0x00000000e0600000)
  from space 19456K, 86% used [0x00000000e0600000,0x00000000e166b4e0,0x00000000e1900000)
  to   space 20992K, 0% used [0x00000000e5080000,0x00000000e5080000,0x00000000e6500000)
 ParOldGen       total 108544K, used 26549K [0x0000000080000000, 0x0000000086a00000, 0x00000000d5580000)
  object space 108544K, 24% used [0x0000000080000000,0x00000000819ed410,0x0000000086a00000)
 Metaspace       used 56526K, capacity 58844K, committed 58968K, reserved 1099776K
  class space    used 7725K, capacity 8203K, committed 8320K, reserved 1048576K
Event: 11.015 GC heap after
Heap after GC invocations=14 (full 3):
 PSYoungGen      total 200192K, used 0K [0x00000000d5580000, 0x00000000e6500000, 0x0000000100000000)
  eden space 180736K, 0% used [0x00000000d5580000,0x00000000d5580000,0x00000000e0600000)
  from space 19456K, 0% used [0x00000000e0600000,0x00000000e0600000,0x00000000e1900000)
  to   space 20992K, 0% used [0x00000000e5080000,0x00000000e5080000,0x00000000e6500000)
 ParOldGen       total 161280K, used 31985K [0x0000000080000000, 0x0000000089d80000, 0x00000000d5580000)
  object space 161280K, 19% used [0x0000000080000000,0x0000000081f3c520,0x0000000089d80000)
 Metaspace       used 56509K, capacity 58784K, committed 58968K, reserved 1099776K
  class space    used 7719K, capacity 8193K, committed 8320K, reserved 1048576K
}
Event: 14.488 GC heap before
{Heap before GC invocations=15 (full 3):
 PSYoungGen      total 200192K, used 180736K [0x00000000d5580000, 0x00000000e6500000, 0x0000000100000000)
  eden space 180736K, 100% used [0x00000000d5580000,0x00000000e0600000,0x00000000e0600000)
  from space 19456K, 0% used [0x00000000e0600000,0x00000000e0600000,0x00000000e1900000)
  to   space 20992K, 0% used [0x00000000e5080000,0x00000000e5080000,0x00000000e6500000)
 ParOldGen       total 161280K, used 31985K [0x0000000080000000, 0x0000000089d80000, 0x00000000d5580000)
  object space 161280K, 19% used [0x0000000080000000,0x0000000081f3c520,0x0000000089d80000)
 Metaspace       used 64207K, capacity 67212K, committed 67544K, reserved 1107968K
  class space    used 8829K, capacity 9379K, committed 9472K, reserved 1048576K
Event: 14.512 GC heap after
Heap after GC invocations=15 (full 3):
 PSYoungGen      total 239616K, used 16243K [0x00000000d5580000, 0x00000000e6080000, 0x0000000100000000)
  eden space 223232K, 0% used [0x00000000d5580000,0x00000000d5580000,0x00000000e2f80000)
  from space 16384K, 99% used [0x00000000e5080000,0x00000000e605cfb8,0x00000000e6080000)
  to   space 22016K, 0% used [0x00000000e3580000,0x00000000e3580000,0x00000000e4b00000)
 ParOldGen       total 161280K, used 31993K [0x0000000080000000, 0x0000000089d80000, 0x00000000d5580000)
  object space 161280K, 19% used [0x0000000080000000,0x0000000081f3e520,0x0000000089d80000)
 Metaspace       used 64207K, capacity 67212K, committed 67544K, reserved 1107968K
  class space    used 8829K, capacity 9379K, committed 9472K, reserved 1048576K
}
Event: 18.849 GC heap before
{Heap before GC invocations=16 (full 3):
 PSYoungGen      total 239616K, used 239475K [0x00000000d5580000, 0x00000000e6080000, 0x0000000100000000)
  eden space 223232K, 100% used [0x00000000d5580000,0x00000000e2f80000,0x00000000e2f80000)
  from space 16384K, 99% used [0x00000000e5080000,0x00000000e605cfb8,0x00000000e6080000)
  to   space 22016K, 0% used [0x00000000e3580000,0x00000000e3580000,0x00000000e4b00000)
 ParOldGen       total 161280K, used 31993K [0x0000000080000000, 0x0000000089d80000, 0x00000000d5580000)
  object space 161280K, 19% used [0x0000000080000000,0x0000000081f3e520,0x0000000089d80000)
 Metaspace       used 66235K, capacity 69268K, committed 69592K, reserved 1110016K
  class space    used 9037K, capacity 9607K, committed 9728K, reserved 1048576K
Event: 18.872 GC heap after
Heap after GC invocations=16 (full 3):
 PSYoungGen      total 251392K, used 13471K [0x00000000d5580000, 0x00000000e8680000, 0x0000000100000000)
  eden space 229376K, 0% used [0x00000000d5580000,0x00000000d5580000,0x00000000e3580000)
  from space 22016K, 61% used [0x00000000e3580000,0x00000000e42a7f80,0x00000000e4b00000)
  to   space 22016K, 0% used [0x00000000e7100000,0x00000000e7100000,0x00000000e8680000)
 ParOldGen       total 161280K, used 32001K [0x0000000080000000, 0x0000000089d80000, 0x00000000d5580000)
  object space 161280K, 19% used [0x0000000080000000,0x0000000081f40520,0x0000000089d80000)
 Metaspace       used 66235K, capacity 69268K, committed 69592K, reserved 1110016K
  class space    used 9037K, capacity 9607K, committed 9728K, reserved 1048576K
}
Event: 21.371 GC heap before
{Heap before GC invocations=17 (full 3):
 PSYoungGen      total 251392K, used 242847K [0x00000000d5580000, 0x00000000e8680000, 0x0000000100000000)
  eden space 229376K, 100% used [0x00000000d5580000,0x00000000e3580000,0x00000000e3580000)
  from space 22016K, 61% used [0x00000000e3580000,0x00000000e42a7f80,0x00000000e4b00000)
  to   space 22016K, 0% used [0x00000000e7100000,0x00000000e7100000,0x00000000e8680000)
 ParOldGen       total 161280K, used 32001K [0x0000000080000000, 0x0000000089d80000, 0x00000000d5580000)
  object space 161280K, 19% used [0x0000000080000000,0x0000000081f40520,0x0000000089d80000)
 Metaspace       used 76005K, capacity 80012K, committed 80088K, reserved 1118208K
  class space    used 10475K, capacity 11229K, committed 11264K, reserved 1048576K
Event: 21.453 GC heap after
Heap after GC invocations=17 (full 3):
 PSYoungGen      total 251392K, used 21999K [0x00000000d5580000, 0x00000000e8680000, 0x0000000100000000)
  eden space 229376K, 0% used [0x00000000d5580000,0x00000000d5580000,0x00000000e3580000)
  from space 22016K, 99% used [0x00000000e7100000,0x00000000e867bd80,0x00000000e8680000)
  to   space 22016K, 0% used [0x00000000e3580000,0x00000000e3580000,0x00000000e4b00000)
 ParOldGen       total 161280K, used 53274K [0x0000000080000000, 0x0000000089d80000, 0x00000000d5580000)
  object space 161280K, 33% used [0x0000000080000000,0x00000000834068e0,0x0000000089d80000)
 Metaspace       used 76005K, capacity 80012K, committed 80088K, reserved 1118208K
  class space    used 10475K, capacity 11229K, committed 11264K, reserved 1048576K
}

