# JRE version: OpenJDK Runtime Environment (8.0_242-b01) (build 1.8.0_242-release-1644-b01)
# Java VM: OpenJDK 64-Bit Server VM (25.242-b01 mixed mode windows-amd64 compressed oops)
Heap:
 PSYoungGen      total 291840K, used 78736K [0x00000000d5580000, 0x00000000e9480000, 0x0000000100000000)
  eden space 267264K, 20% used [0x00000000d5580000,0x00000000d8a6a720,0x00000000e5a80000)
  from space 24576K, 99% used [0x00000000e5a80000,0x00000000e72799b0,0x00000000e7280000)
  to   space 20480K, 0% used [0x00000000e7280000,0x00000000e7280000,0x00000000e8680000)
 ParOldGen       total 159744K, used 72761K [0x0000000080000000, 0x0000000089c00000, 0x00000000d5580000)
  object space 159744K, 45% used [0x0000000080000000,0x000000008470e618,0x0000000089c00000)
 Metaspace       used 79717K, capacity 84274K, committed 84504K, reserved 1122304K
  class space    used 10946K, capacity 11794K, committed 11824K, reserved 1048576K
GC Heap History (10 events):
Event: 10.871 GC heap before
{Heap before GC invocations=14 (full 3):
 PSYoungGen      total 203264K, used 11544K [0x00000000d5580000, 0x00000000e6500000, 0x0000000100000000)
  eden space 183808K, 0% used [0x00000000d5580000,0x00000000d5580000,0x00000000e0900000)
  from space 19456K, 59% used [0x00000000e0900000,0x00000000e1446108,0x00000000e1c00000)
  to   space 18944K, 0% used [0x00000000e5280000,0x00000000e5280000,0x00000000e6500000)
 ParOldGen       total 105984K, used 32061K [0x0000000080000000, 0x0000000086780000, 0x00000000d5580000)
  object space 105984K, 30% used [0x0000000080000000,0x0000000081f4f7c0,0x0000000086780000)
 Metaspace       used 56827K, capacity 59118K, committed 59160K, reserved 1099776K
  class space    used 7772K, capacity 8232K, committed 8240K, reserved 1048576K
Event: 11.163 GC heap after
Heap after GC invocations=14 (full 3):
 PSYoungGen      total 203264K, used 0K [0x00000000d5580000, 0x00000000e6500000, 0x0000000100000000)
  eden space 183808K, 0% used [0x00000000d5580000,0x00000000d5580000,0x00000000e0900000)
  from space 19456K, 0% used [0x00000000e0900000,0x00000000e0900000,0x00000000e1c00000)
  to   space 18944K, 0% used [0x00000000e5280000,0x00000000e5280000,0x00000000e6500000)
 ParOldGen       total 159744K, used 32136K [0x0000000080000000, 0x0000000089c00000, 0x00000000d5580000)
  object space 159744K, 20% used [0x0000000080000000,0x0000000081f62068,0x0000000089c00000)
 Metaspace       used 56817K, capacity 59082K, committed 59160K, reserved 1099776K
  class space    used 7768K, capacity 8226K, committed 8240K, reserved 1048576K
}
Event: 14.599 GC heap before
{Heap before GC invocations=15 (full 3):
 PSYoungGen      total 203264K, used 183808K [0x00000000d5580000, 0x00000000e6500000, 0x0000000100000000)
  eden space 183808K, 100% used [0x00000000d5580000,0x00000000e0900000,0x00000000e0900000)
  from space 19456K, 0% used [0x00000000e0900000,0x00000000e0900000,0x00000000e1c00000)
  to   space 18944K, 0% used [0x00000000e5280000,0x00000000e5280000,0x00000000e6500000)
 ParOldGen       total 159744K, used 32136K [0x0000000080000000, 0x0000000089c00000, 0x00000000d5580000)
  object space 159744K, 20% used [0x0000000080000000,0x0000000081f62068,0x0000000089c00000)
 Metaspace       used 64208K, capacity 67236K, committed 67608K, reserved 1107968K
  class space    used 8837K, capacity 9409K, committed 9520K, reserved 1048576K
Event: 14.623 GC heap after
Heap after GC invocations=15 (full 3):
 PSYoungGen      total 242688K, used 15968K [0x00000000d5580000, 0x00000000e6280000, 0x0000000100000000)
  eden space 226304K, 0% used [0x00000000d5580000,0x00000000d5580000,0x00000000e3280000)
  from space 16384K, 97% used [0x00000000e5280000,0x00000000e6218098,0x00000000e6280000)
  to   space 20480K, 0% used [0x00000000e3a80000,0x00000000e3a80000,0x00000000e4e80000)
 ParOldGen       total 159744K, used 32144K [0x0000000080000000, 0x0000000089c00000, 0x00000000d5580000)
  object space 159744K, 20% used [0x0000000080000000,0x0000000081f64068,0x0000000089c00000)
 Metaspace       used 64208K, capacity 67236K, committed 67608K, reserved 1107968K
  class space    used 8837K, capacity 9409K, committed 9520K, reserved 1048576K
}
Event: 18.517 GC heap before
{Heap before GC invocations=16 (full 3):
 PSYoungGen      total 242688K, used 242272K [0x00000000d5580000, 0x00000000e6280000, 0x0000000100000000)
  eden space 226304K, 100% used [0x00000000d5580000,0x00000000e3280000,0x00000000e3280000)
  from space 16384K, 97% used [0x00000000e5280000,0x00000000e6218098,0x00000000e6280000)
  to   space 20480K, 0% used [0x00000000e3a80000,0x00000000e3a80000,0x00000000e4e80000)
 ParOldGen       total 159744K, used 32144K [0x0000000080000000, 0x0000000089c00000, 0x00000000d5580000)
  object space 159744K, 20% used [0x0000000080000000,0x0000000081f64068,0x0000000089c00000)
 Metaspace       used 66409K, capacity 69458K, committed 69656K, reserved 1110016K
  class space    used 9070K, capacity 9668K, committed 9776K, reserved 1048576K
Event: 18.534 GC heap after
Heap after GC invocations=16 (full 3):
 PSYoungGen      total 254976K, used 13592K [0x00000000d5580000, 0x00000000e8680000, 0x0000000100000000)
  eden space 234496K, 0% used [0x00000000d5580000,0x00000000d5580000,0x00000000e3a80000)
  from space 20480K, 66% used [0x00000000e3a80000,0x00000000e47c6038,0x00000000e4e80000)
  to   space 20480K, 0% used [0x00000000e7280000,0x00000000e7280000,0x00000000e8680000)
 ParOldGen       total 159744K, used 32152K [0x0000000080000000, 0x0000000089c00000, 0x00000000d5580000)
  object space 159744K, 20% used [0x0000000080000000,0x0000000081f66068,0x0000000089c00000)
 Metaspace       used 66409K, capacity 69458K, committed 69656K, reserved 1110016K
  class space    used 9070K, capacity 9668K, committed 9776K, reserved 1048576K
}
Event: 22.548 GC heap before
{Heap before GC invocations=17 (full 3):
 PSYoungGen      total 254976K, used 248088K [0x00000000d5580000, 0x00000000e8680000, 0x0000000100000000)
  eden space 234496K, 100% used [0x00000000d5580000,0x00000000e3a80000,0x00000000e3a80000)
  from space 20480K, 66% used [0x00000000e3a80000,0x00000000e47c6038,0x00000000e4e80000)
  to   space 20480K, 0% used [0x00000000e7280000,0x00000000e7280000,0x00000000e8680000)
 ParOldGen       total 159744K, used 32152K [0x0000000080000000, 0x0000000089c00000, 0x00000000d5580000)
  object space 159744K, 20% used [0x0000000080000000,0x0000000081f66068,0x0000000089c00000)
 Metaspace       used 70983K, capacity 74566K, committed 74904K, reserved 1114112K
  class space    used 9660K, capacity 10302K, committed 10416K, reserved 1048576K
Event: 22.595 GC heap after
Heap after GC invocations=17 (full 3):
 PSYoungGen      total 287744K, used 20463K [0x00000000d5580000, 0x00000000e9480000, 0x0000000100000000)
  eden space 267264K, 0% used [0x00000000d5580000,0x00000000d5580000,0x00000000e5a80000)
  from space 20480K, 99% used [0x00000000e7280000,0x00000000e867bfa0,0x00000000e8680000)
  to   space 24576K, 0% used [0x00000000e5a80000,0x00000000e5a80000,0x00000000e7280000)
 ParOldGen       total 159744K, used 35799K [0x0000000080000000, 0x0000000089c00000, 0x00000000d5580000)
  object space 159744K, 22% used [0x0000000080000000,0x00000000822f5c80,0x0000000089c00000)
 Metaspace       used 70983K, capacity 74566K, committed 74904K, reserved 1114112K
  class space    used 9660K, capacity 10302K, committed 10416K, reserved 1048576K
}
Event: 24.856 GC heap before
{Heap before GC invocations=18 (full 3):
 PSYoungGen      total 287744K, used 287727K [0x00000000d5580000, 0x00000000e9480000, 0x0000000100000000)
  eden space 267264K, 100% used [0x00000000d5580000,0x00000000e5a80000,0x00000000e5a80000)
  from space 20480K, 99% used [0x00000000e7280000,0x00000000e867bfa0,0x00000000e8680000)
  to   space 24576K, 0% used [0x00000000e5a80000,0x00000000e5a80000,0x00000000e7280000)
 ParOldGen       total 159744K, used 35799K [0x0000000080000000, 0x0000000089c00000, 0x00000000d5580000)
  object space 159744K, 22% used [0x0000000080000000,0x00000000822f5c80,0x0000000089c00000)
 Metaspace       used 79072K, capacity 83540K, committed 83736K, reserved 1122304K
  class space    used 10890K, capacity 11723K, committed 11824K, reserved 1048576K
Event: 24.960 GC heap after
Heap after GC invocations=18 (full 3):
 PSYoungGen      total 291840K, used 24550K [0x00000000d5580000, 0x00000000e9480000, 0x0000000100000000)
  eden space 267264K, 0% used [0x00000000d5580000,0x00000000d5580000,0x00000000e5a80000)
  from space 24576K, 99% used [0x00000000e5a80000,0x00000000e72799b0,0x00000000e7280000)
  to   space 20480K, 0% used [0x00000000e7280000,0x00000000e7280000,0x00000000e8680000)
 ParOldGen       total 159744K, used 72761K [0x0000000080000000, 0x0000000089c00000, 0x00000000d5580000)
  object space 159744K, 45% used [0x0000000080000000,0x000000008470e618,0x0000000089c00000)
 Metaspace       used 79072K, capacity 83540K, committed 83736K, reserved 1122304K
  class space    used 10890K, capacity 11723K, committed 11824K, reserved 1048576K
}

